[debug] ----------------------------------------------------------------------
[debug] Command:      /usr/local/Cellar/node/6.3.1/bin/node /usr/local/bin/firebase serve
[debug] CLI Version:  3.0.7
[debug] Platform:     darwin
[debug] Node Version: v6.3.1
[debug] Time:         Sun Oct 02 2016 07:21:50 GMT+0100 (WAT)
[debug] ----------------------------------------------------------------------
[debug] 
[info] Starting Firebase development server...
[info] 
[info] Project Directory: /Applications/MAMP/htdocs/pp/connectedify.firebase
[warn] ⚠  Port 5000 is not available. Trying another port...
[warn] ⚠  Port 5001 is not available. Trying another port...
[info] Public Directory: app
[info] 
[info] Server listening at: http://localhost:5002
[debug] ----------------------------------------------------------------------
[debug] Command:      /usr/local/Cellar/node/6.3.1/bin/node /usr/local/bin/firebase serve
[debug] CLI Version:  3.0.7
[debug] Platform:     darwin
[debug] Node Version: v6.3.1
[debug] Time:         Mon Oct 03 2016 05:24:09 GMT+0100 (WAT)
[debug] ----------------------------------------------------------------------
[debug] 
[info] Starting Firebase development server...
[info] 
[info] Project Directory: /Applications/MAMP/htdocs/pp/connectedify.firebase
[info] Public Directory: app
[info] 
[info] Server listening at: http://localhost:5000
[debug] ----------------------------------------------------------------------
[debug] Command:      /usr/local/Cellar/node/6.3.1/bin/node /usr/local/bin/firebase serve
[debug] CLI Version:  3.0.8
[debug] Platform:     darwin
[debug] Node Version: v6.3.1
[debug] Time:         Mon Oct 03 2016 05:25:33 GMT+0100 (WAT)
[debug] ----------------------------------------------------------------------
[debug] 
[info] Starting Firebase development server...
[info] 
[info] Project Directory: /Applications/MAMP/htdocs/pp/connectedify.firebase
[info] Public Directory: app
[info] 
[info] Server listening at: http://localhost:5000
[debug] ----------------------------------------------------------------------
[debug] Command:      /usr/local/Cellar/node/6.3.1/bin/node /usr/local/bin/firebase serve
[debug] CLI Version:  3.0.8
[debug] Platform:     darwin
[debug] Node Version: v6.3.1
[debug] Time:         Thu Oct 20 2016 17:23:34 GMT+0100 (WAT)
[debug] ----------------------------------------------------------------------
[debug] 
[info] Starting Firebase development server...
[info] 
[info] Project Directory: /Applications/MAMP/htdocs/pp/connectedify.firebase
[info] Public Directory: app
[info] 
[info] Server listening at: http://localhost:5000
[debug] ----------------------------------------------------------------------
[debug] Command:      /usr/local/Cellar/node/6.3.1/bin/node /usr/local/bin/firebase serve
[debug] CLI Version:  3.0.8
[debug] Platform:     darwin
[debug] Node Version: v6.3.1
[debug] Time:         Fri Oct 21 2016 09:56:01 GMT+0100 (WAT)
[debug] ----------------------------------------------------------------------
[debug] 
[info] Starting Firebase development server...
[info] 
[info] Project Directory: /Applications/MAMP/htdocs/pp/connectedify.firebase
[info] Public Directory: app
[info] 
[info] Server listening at: http://localhost:5000
[debug] ----------------------------------------------------------------------
[debug] Command:      /usr/local/Cellar/node/6.3.1/bin/node /usr/local/bin/firebase serve
[debug] CLI Version:  3.0.8
[debug] Platform:     darwin
[debug] Node Version: v6.3.1
[debug] Time:         Thu Oct 27 2016 09:10:10 GMT+0100 (WAT)
[debug] ----------------------------------------------------------------------
[debug] 
[info] Starting Firebase development server...
[info] 
[info] Project Directory: /Applications/MAMP/htdocs/pp/connectedify.firebase
[info] Public Directory: app
[info] 
[info] Server listening at: http://localhost:5000
